[ 2016-11-30T09:02:03+08:00 ] 127.0.0.1 /thinkphp_3.2.3/css/jquery.mobile-1.4.5.min.css
INFO: [ app_init ] --START--
INFO: Run Behavior\BuildLiteBehavior [ RunTime:0.000013s ]
INFO: [ app_init ] --END-- [ RunTime:0.000479s ]
ERR: 无法加载模块:Css

[ 2016-11-30T09:02:03+08:00 ] 127.0.0.1 /thinkphp_3.2.3/js/jquery-2.2.2.js
INFO: [ app_init ] --START--
INFO: Run Behavior\BuildLiteBehavior [ RunTime:0.000012s ]
INFO: [ app_init ] --END-- [ RunTime:0.000767s ]
ERR: 无法加载模块:Js

[ 2016-11-30T09:02:03+08:00 ] 127.0.0.1 /thinkphp_3.2.3/js/jquery.mobile-1.4.5.min.js
INFO: [ app_init ] --START--
INFO: Run Behavior\BuildLiteBehavior [ RunTime:0.000012s ]
INFO: [ app_init ] --END-- [ RunTime:0.000413s ]
ERR: 无法加载模块:Js

[ 2016-11-30T09:02:03+08:00 ] 127.0.0.1 /thinkphp_3.2.3/image/tx.jpg
INFO: [ app_init ] --START--
INFO: Run Behavior\BuildLiteBehavior [ RunTime:0.000044s ]
INFO: [ app_init ] --END-- [ RunTime:0.000456s ]
ERR: 无法加载模块:Image

[ 2016-11-30T09:02:03+08:00 ] 127.0.0.1 /thinkphp_3.2.3/image/bj.jpg
INFO: [ app_init ] --START--
INFO: Run Behavior\BuildLiteBehavior [ RunTime:0.000012s ]
INFO: [ app_init ] --END-- [ RunTime:0.000400s ]
ERR: 无法加载模块:Image

[ 2016-11-30T09:06:14+08:00 ] 127.0.0.1 /thinkphp_3.2.3/news%20page.html
INFO: [ app_init ] --START--
INFO: Run Behavior\BuildLiteBehavior [ RunTime:0.000012s ]
INFO: [ app_init ] --END-- [ RunTime:0.000543s ]
ERR: 无法加载模块:News page

[ 2016-11-30T09:23:39+08:00 ] 127.0.0.1 /thinkphp_3.2.3/css/jquery.mobile-1.4.5.min.css
INFO: [ app_init ] --START--
INFO: Run Behavior\BuildLiteBehavior [ RunTime:0.000013s ]
INFO: [ app_init ] --END-- [ RunTime:0.000604s ]
ERR: 无法加载模块:Css

[ 2016-11-30T09:23:39+08:00 ] 127.0.0.1 /thinkphp_3.2.3/js/jquery-2.2.2.js
INFO: [ app_init ] --START--
INFO: Run Behavior\BuildLiteBehavior [ RunTime:0.000023s ]
INFO: [ app_init ] --END-- [ RunTime:0.000901s ]
ERR: 无法加载模块:Js

[ 2016-11-30T09:23:39+08:00 ] 127.0.0.1 /thinkphp_3.2.3/js/jquery.mobile-1.4.5.min.js
INFO: [ app_init ] --START--
INFO: Run Behavior\BuildLiteBehavior [ RunTime:0.000012s ]
INFO: [ app_init ] --END-- [ RunTime:0.000688s ]
ERR: 无法加载模块:Js

[ 2016-11-30T09:23:39+08:00 ] 127.0.0.1 /thinkphp_3.2.3/image/tx.jpg
INFO: [ app_init ] --START--
INFO: Run Behavior\BuildLiteBehavior [ RunTime:0.000073s ]
INFO: [ app_init ] --END-- [ RunTime:0.001360s ]
ERR: 无法加载模块:Image

[ 2016-11-30T09:23:39+08:00 ] 127.0.0.1 /thinkphp_3.2.3/image/bj.jpg
INFO: [ app_init ] --START--
INFO: Run Behavior\BuildLiteBehavior [ RunTime:0.000018s ]
INFO: [ app_init ] --END-- [ RunTime:0.000879s ]
ERR: 无法加载模块:Image

[ 2016-11-30T09:33:54+08:00 ] 127.0.0.1 /thinkphp_3.2.3/css/jquery.mobile-1.4.5.min.css
INFO: [ app_init ] --START--
INFO: Run Behavior\BuildLiteBehavior [ RunTime:0.000012s ]
INFO: [ app_init ] --END-- [ RunTime:0.000427s ]
ERR: 无法加载模块:Css

[ 2016-11-30T09:33:54+08:00 ] 127.0.0.1 /thinkphp_3.2.3/js/jquery-2.2.2.js
INFO: [ app_init ] --START--
INFO: Run Behavior\BuildLiteBehavior [ RunTime:0.000011s ]
INFO: [ app_init ] --END-- [ RunTime:0.000418s ]
ERR: 无法加载模块:Js

[ 2016-11-30T09:33:54+08:00 ] 127.0.0.1 /thinkphp_3.2.3/image/tx.jpg
INFO: [ app_init ] --START--
INFO: Run Behavior\BuildLiteBehavior [ RunTime:0.000016s ]
INFO: [ app_init ] --END-- [ RunTime:0.000614s ]
ERR: 无法加载模块:Image

[ 2016-11-30T09:33:54+08:00 ] 127.0.0.1 /thinkphp_3.2.3/js/jquery.mobile-1.4.5.min.js
INFO: [ app_init ] --START--
INFO: Run Behavior\BuildLiteBehavior [ RunTime:0.000015s ]
INFO: [ app_init ] --END-- [ RunTime:0.000726s ]
ERR: 无法加载模块:Js

[ 2016-11-30T09:33:54+08:00 ] 127.0.0.1 /thinkphp_3.2.3/image/bj.jpg
INFO: [ app_init ] --START--
INFO: Run Behavior\BuildLiteBehavior [ RunTime:0.000014s ]
INFO: [ app_init ] --END-- [ RunTime:0.000673s ]
ERR: 无法加载模块:Image

[ 2016-11-30T09:34:08+08:00 ] 127.0.0.1 /thinkphp_3.2.3/css/jquery.mobile-1.4.5.min.css
INFO: [ app_init ] --START--
INFO: Run Behavior\BuildLiteBehavior [ RunTime:0.000012s ]
INFO: [ app_init ] --END-- [ RunTime:0.000476s ]
ERR: 无法加载模块:Css

[ 2016-11-30T09:34:08+08:00 ] 127.0.0.1 /thinkphp_3.2.3/js/jquery-2.2.2.js
INFO: [ app_init ] --START--
INFO: Run Behavior\BuildLiteBehavior [ RunTime:0.000012s ]
INFO: [ app_init ] --END-- [ RunTime:0.000615s ]
ERR: 无法加载模块:Js

[ 2016-11-30T09:34:09+08:00 ] 127.0.0.1 /thinkphp_3.2.3/js/jquery.mobile-1.4.5.min.js
INFO: [ app_init ] --START--
INFO: Run Behavior\BuildLiteBehavior [ RunTime:0.000013s ]
INFO: [ app_init ] --END-- [ RunTime:0.000438s ]
ERR: 无法加载模块:Js

[ 2016-11-30T09:34:09+08:00 ] 127.0.0.1 /thinkphp_3.2.3/image/tx.jpg
INFO: [ app_init ] --START--
INFO: Run Behavior\BuildLiteBehavior [ RunTime:0.000012s ]
INFO: [ app_init ] --END-- [ RunTime:0.000504s ]
ERR: 无法加载模块:Image

[ 2016-11-30T09:34:09+08:00 ] 127.0.0.1 /thinkphp_3.2.3/image/bj.jpg
INFO: [ app_init ] --START--
INFO: Run Behavior\BuildLiteBehavior [ RunTime:0.000029s ]
INFO: [ app_init ] --END-- [ RunTime:0.000734s ]
ERR: 无法加载模块:Image

[ 2016-11-30T09:34:09+08:00 ] 127.0.0.1 /thinkphp_3.2.3/image/tx.jpg
INFO: [ app_init ] --START--
INFO: Run Behavior\BuildLiteBehavior [ RunTime:0.000013s ]
INFO: [ app_init ] --END-- [ RunTime:0.000455s ]
ERR: 无法加载模块:Image

[ 2016-11-30T09:34:09+08:00 ] 127.0.0.1 /thinkphp_3.2.3/css/jquery.mobile-1.4.5.min.css
INFO: [ app_init ] --START--
INFO: Run Behavior\BuildLiteBehavior [ RunTime:0.000012s ]
INFO: [ app_init ] --END-- [ RunTime:0.000436s ]
ERR: 无法加载模块:Css

[ 2016-11-30T09:34:09+08:00 ] 127.0.0.1 /thinkphp_3.2.3/js/jquery.mobile-1.4.5.min.js
INFO: [ app_init ] --START--
INFO: Run Behavior\BuildLiteBehavior [ RunTime:0.000012s ]
INFO: [ app_init ] --END-- [ RunTime:0.000787s ]
ERR: 无法加载模块:Js

[ 2016-11-30T09:34:09+08:00 ] 127.0.0.1 /thinkphp_3.2.3/image/bj.jpg
INFO: [ app_init ] --START--
INFO: Run Behavior\BuildLiteBehavior [ RunTime:0.000014s ]
INFO: [ app_init ] --END-- [ RunTime:0.000505s ]
ERR: 无法加载模块:Image

[ 2016-11-30T09:34:09+08:00 ] 127.0.0.1 /thinkphp_3.2.3/image/tx.jpg
INFO: [ app_init ] --START--
INFO: Run Behavior\BuildLiteBehavior [ RunTime:0.000012s ]
INFO: [ app_init ] --END-- [ RunTime:0.000456s ]
ERR: 无法加载模块:Image

[ 2016-11-30T09:34:09+08:00 ] 127.0.0.1 /thinkphp_3.2.3/js/jquery-2.2.2.js
INFO: [ app_init ] --START--
INFO: Run Behavior\BuildLiteBehavior [ RunTime:0.000013s ]
INFO: [ app_init ] --END-- [ RunTime:0.000487s ]
ERR: 无法加载模块:Js

[ 2016-11-30T09:34:09+08:00 ] 127.0.0.1 /thinkphp_3.2.3/js/jquery.mobile-1.4.5.min.js
INFO: [ app_init ] --START--
INFO: Run Behavior\BuildLiteBehavior [ RunTime:0.000012s ]
INFO: [ app_init ] --END-- [ RunTime:0.000452s ]
ERR: 无法加载模块:Js

[ 2016-11-30T09:34:09+08:00 ] 127.0.0.1 /thinkphp_3.2.3/image/tx.jpg
INFO: [ app_init ] --START--
INFO: Run Behavior\BuildLiteBehavior [ RunTime:0.000013s ]
INFO: [ app_init ] --END-- [ RunTime:0.000464s ]
ERR: 无法加载模块:Image

[ 2016-11-30T09:34:09+08:00 ] 127.0.0.1 /thinkphp_3.2.3/css/jquery.mobile-1.4.5.min.css
INFO: [ app_init ] --START--
INFO: Run Behavior\BuildLiteBehavior [ RunTime:0.000020s ]
INFO: [ app_init ] --END-- [ RunTime:0.000857s ]
ERR: 无法加载模块:Css

[ 2016-11-30T09:34:09+08:00 ] 127.0.0.1 /thinkphp_3.2.3/image/bj.jpg
INFO: [ app_init ] --START--
INFO: Run Behavior\BuildLiteBehavior [ RunTime:0.000011s ]
INFO: [ app_init ] --END-- [ RunTime:0.000619s ]
ERR: 无法加载模块:Image

[ 2016-11-30T09:34:09+08:00 ] 127.0.0.1 /thinkphp_3.2.3/image/tx.jpg
INFO: [ app_init ] --START--
INFO: Run Behavior\BuildLiteBehavior [ RunTime:0.000013s ]
INFO: [ app_init ] --END-- [ RunTime:0.000658s ]
ERR: 无法加载模块:Image

[ 2016-11-30T09:34:09+08:00 ] 127.0.0.1 /thinkphp_3.2.3/css/jquery.mobile-1.4.5.min.css
INFO: [ app_init ] --START--
INFO: Run Behavior\BuildLiteBehavior [ RunTime:0.000014s ]
INFO: [ app_init ] --END-- [ RunTime:0.000654s ]
ERR: 无法加载模块:Css

[ 2016-11-30T09:34:09+08:00 ] 127.0.0.1 /thinkphp_3.2.3/js/jquery-2.2.2.js
INFO: [ app_init ] --START--
INFO: Run Behavior\BuildLiteBehavior [ RunTime:0.000014s ]
INFO: [ app_init ] --END-- [ RunTime:0.000665s ]
ERR: 无法加载模块:Js

[ 2016-11-30T09:34:09+08:00 ] 127.0.0.1 /thinkphp_3.2.3/image/tx.jpg
INFO: [ app_init ] --START--
INFO: Run Behavior\BuildLiteBehavior [ RunTime:0.000013s ]
INFO: [ app_init ] --END-- [ RunTime:0.000571s ]
ERR: 无法加载模块:Image

[ 2016-11-30T09:34:09+08:00 ] 127.0.0.1 /thinkphp_3.2.3/js/jquery.mobile-1.4.5.min.js
INFO: [ app_init ] --START--
INFO: Run Behavior\BuildLiteBehavior [ RunTime:0.000012s ]
INFO: [ app_init ] --END-- [ RunTime:0.000465s ]
ERR: 无法加载模块:Js

[ 2016-11-30T09:34:09+08:00 ] 127.0.0.1 /thinkphp_3.2.3/image/bj.jpg
INFO: [ app_init ] --START--
INFO: Run Behavior\BuildLiteBehavior [ RunTime:0.000012s ]
INFO: [ app_init ] --END-- [ RunTime:0.000462s ]
ERR: 无法加载模块:Image

[ 2016-11-30T09:34:10+08:00 ] 127.0.0.1 /thinkphp_3.2.3/css/jquery.mobile-1.4.5.min.css
INFO: [ app_init ] --START--
INFO: Run Behavior\BuildLiteBehavior [ RunTime:0.000013s ]
INFO: [ app_init ] --END-- [ RunTime:0.000456s ]
ERR: 无法加载模块:Css

[ 2016-11-30T09:34:10+08:00 ] 127.0.0.1 /thinkphp_3.2.3/image/tx.jpg
INFO: [ app_init ] --START--
INFO: Run Behavior\BuildLiteBehavior [ RunTime:0.000014s ]
INFO: [ app_init ] --END-- [ RunTime:0.000492s ]
ERR: 无法加载模块:Image

[ 2016-11-30T09:34:10+08:00 ] 127.0.0.1 /thinkphp_3.2.3/js/jquery-2.2.2.js
INFO: [ app_init ] --START--
INFO: Run Behavior\BuildLiteBehavior [ RunTime:0.000013s ]
INFO: [ app_init ] --END-- [ RunTime:0.000473s ]
ERR: 无法加载模块:Js

[ 2016-11-30T09:34:10+08:00 ] 127.0.0.1 /thinkphp_3.2.3/js/jquery.mobile-1.4.5.min.js
INFO: [ app_init ] --START--
INFO: Run Behavior\BuildLiteBehavior [ RunTime:0.000028s ]
INFO: [ app_init ] --END-- [ RunTime:0.000769s ]
ERR: 无法加载模块:Js

[ 2016-11-30T09:34:10+08:00 ] 127.0.0.1 /thinkphp_3.2.3/image/bj.jpg
INFO: [ app_init ] --START--
INFO: Run Behavior\BuildLiteBehavior [ RunTime:0.000015s ]
INFO: [ app_init ] --END-- [ RunTime:0.000536s ]
ERR: 无法加载模块:Image

[ 2016-11-30T09:34:10+08:00 ] 127.0.0.1 /thinkphp_3.2.3/image/tx.jpg
INFO: [ app_init ] --START--
INFO: Run Behavior\BuildLiteBehavior [ RunTime:0.000014s ]
INFO: [ app_init ] --END-- [ RunTime:0.000488s ]
ERR: 无法加载模块:Image

[ 2016-11-30T10:03:32+08:00 ] 127.0.0.1 /thinkphp_3.2.3/css/jquery.mobile-1.4.5.min.css
INFO: [ app_init ] --START--
INFO: Run Behavior\BuildLiteBehavior [ RunTime:0.000013s ]
INFO: [ app_init ] --END-- [ RunTime:0.000625s ]
ERR: 无法加载模块:Css

[ 2016-11-30T10:06:24+08:00 ] 127.0.0.1 /thinkphp_3.2.3/image/bj.jpg
INFO: [ app_init ] --START--
INFO: Run Behavior\BuildLiteBehavior [ RunTime:0.000012s ]
INFO: [ app_init ] --END-- [ RunTime:0.000539s ]
ERR: 无法加载模块:Image

[ 2016-11-30T10:06:24+08:00 ] 127.0.0.1 /thinkphp_3.2.3/Public/front/css/images/ajax-loader.gif
INFO: [ app_init ] --START--
INFO: Run Behavior\BuildLiteBehavior [ RunTime:0.000013s ]
INFO: [ app_init ] --END-- [ RunTime:0.000631s ]
ERR: 无法加载模块:Public

[ 2016-11-30T10:06:25+08:00 ] 127.0.0.1 /thinkphp_3.2.3/Public/front/js/jquery.mobile-1.4.5.min.map
INFO: [ app_init ] --START--
INFO: Run Behavior\BuildLiteBehavior [ RunTime:0.000013s ]
INFO: [ app_init ] --END-- [ RunTime:0.000708s ]
ERR: 无法加载模块:Public

[ 2016-11-30T10:08:26+08:00 ] 127.0.0.1 /thinkphp_3.2.3/Public/front/css/images/ajax-loader.gif
INFO: [ app_init ] --START--
INFO: Run Behavior\BuildLiteBehavior [ RunTime:0.000014s ]
INFO: [ app_init ] --END-- [ RunTime:0.000476s ]
ERR: 无法加载模块:Public

[ 2016-11-30T10:08:26+08:00 ] 127.0.0.1 /thinkphp_3.2.3/Public/front/js/jquery.mobile-1.4.5.min.map
INFO: [ app_init ] --START--
INFO: Run Behavior\BuildLiteBehavior [ RunTime:0.000030s ]
INFO: [ app_init ] --END-- [ RunTime:0.000547s ]
ERR: 无法加载模块:Public

[ 2016-11-30T10:08:29+08:00 ] 127.0.0.1 /thinkphp_3.2.3/news%20page.html
INFO: [ app_init ] --START--
INFO: Run Behavior\BuildLiteBehavior [ RunTime:0.000082s ]
INFO: [ app_init ] --END-- [ RunTime:0.000827s ]
ERR: 无法加载模块:News page

[ 2016-11-30T10:08:32+08:00 ] 127.0.0.1 /thinkphp_3.2.3/Public/front/js/jquery.mobile-1.4.5.min.map
INFO: [ app_init ] --START--
INFO: Run Behavior\BuildLiteBehavior [ RunTime:0.000013s ]
INFO: [ app_init ] --END-- [ RunTime:0.000425s ]
ERR: 无法加载模块:Public

[ 2016-11-30T10:27:06+08:00 ] 127.0.0.1 /thinkphp_3.2.3/Public/front/css/images/ajax-loader.gif
INFO: [ app_init ] --START--
INFO: Run Behavior\BuildLiteBehavior [ RunTime:0.000013s ]
INFO: [ app_init ] --END-- [ RunTime:0.000486s ]
ERR: 无法加载模块:Public

[ 2016-11-30T10:27:06+08:00 ] 127.0.0.1 /thinkphp_3.2.3/Public/front/js/jquery.mobile-1.4.5.min.map
INFO: [ app_init ] --START--
INFO: Run Behavior\BuildLiteBehavior [ RunTime:0.000014s ]
INFO: [ app_init ] --END-- [ RunTime:0.000691s ]
ERR: 无法加载模块:Public

[ 2016-11-30T10:27:39+08:00 ] 127.0.0.1 /thinkphp_3.2.3/Public/front/js/jquery.mobile-1.4.5.min.map
INFO: [ app_init ] --START--
INFO: Run Behavior\BuildLiteBehavior [ RunTime:0.000014s ]
INFO: [ app_init ] --END-- [ RunTime:0.000559s ]
ERR: 无法加载模块:Public

[ 2016-11-30T10:27:39+08:00 ] 127.0.0.1 /thinkphp_3.2.3/Public/front/css/images/ajax-loader.gif
INFO: [ app_init ] --START--
INFO: Run Behavior\BuildLiteBehavior [ RunTime:0.000013s ]
INFO: [ app_init ] --END-- [ RunTime:0.000544s ]
ERR: 无法加载模块:Public

[ 2016-11-30T10:31:00+08:00 ] 127.0.0.1 /thinkphp_3.2.3/Public/front/js/jquery.mobile-1.4.5.min.map
INFO: [ app_init ] --START--
INFO: Run Behavior\BuildLiteBehavior [ RunTime:0.000033s ]
INFO: [ app_init ] --END-- [ RunTime:0.000614s ]
ERR: 无法加载模块:Public

[ 2016-11-30T10:31:00+08:00 ] 127.0.0.1 /thinkphp_3.2.3/Public/front/css/images/ajax-loader.gif
INFO: [ app_init ] --START--
INFO: Run Behavior\BuildLiteBehavior [ RunTime:0.000027s ]
INFO: [ app_init ] --END-- [ RunTime:0.000671s ]
ERR: 无法加载模块:Public

