[ 2016-12-06T10:03:59+08:00 ] 127.0.0.1 /thinkphp_3.2.3/Public/front/js/jquery.mobile-1.4.5.min.map
INFO: [ app_init ] --START--
INFO: Run Behavior\BuildLiteBehavior [ RunTime:0.000012s ]
INFO: [ app_init ] --END-- [ RunTime:0.000501s ]
ERR: 无法加载模块:Public

[ 2016-12-06T10:04:02+08:00 ] 127.0.0.1 /thinkphp_3.2.3/Public/front/images/camera-loader.gif
INFO: [ app_init ] --START--
INFO: Run Behavior\BuildLiteBehavior [ RunTime:0.000017s ]
INFO: [ app_init ] --END-- [ RunTime:0.000961s ]
ERR: 无法加载模块:Public

[ 2016-12-06T10:04:02+08:00 ] 127.0.0.1 /thinkphp_3.2.3/Public/front/images/camera_skins.png
INFO: [ app_init ] --START--
INFO: Run Behavior\BuildLiteBehavior [ RunTime:0.000012s ]
INFO: [ app_init ] --END-- [ RunTime:0.000542s ]
ERR: 无法加载模块:Public

[ 2016-12-06T10:04:02+08:00 ] 127.0.0.1 /thinkphp_3.2.3/Public/front/images/26.png
INFO: [ app_init ] --START--
INFO: Run Behavior\BuildLiteBehavior [ RunTime:0.000014s ]
INFO: [ app_init ] --END-- [ RunTime:0.000509s ]
ERR: 无法加载模块:Public

[ 2016-12-06T10:04:02+08:00 ] 127.0.0.1 /thinkphp_3.2.3/Public/front/images/27.png
INFO: [ app_init ] --START--
INFO: Run Behavior\BuildLiteBehavior [ RunTime:0.000013s ]
INFO: [ app_init ] --END-- [ RunTime:0.000441s ]
ERR: 无法加载模块:Public

[ 2016-12-06T10:26:01+08:00 ] 127.0.0.1 /thinkphp_3.2.3/Public/front/images/camera_skins.png
INFO: [ app_init ] --START--
INFO: Run Behavior\BuildLiteBehavior [ RunTime:0.000027s ]
INFO: [ app_init ] --END-- [ RunTime:0.000505s ]
ERR: 无法加载模块:Public

[ 2016-12-06T10:26:01+08:00 ] 127.0.0.1 /thinkphp_3.2.3/Public/front/images/camera-loader.gif
INFO: [ app_init ] --START--
INFO: Run Behavior\BuildLiteBehavior [ RunTime:0.000012s ]
INFO: [ app_init ] --END-- [ RunTime:0.000565s ]
ERR: 无法加载模块:Public

[ 2016-12-06T10:26:01+08:00 ] 127.0.0.1 /thinkphp_3.2.3/Public/front/images/26.png
INFO: [ app_init ] --START--
INFO: Run Behavior\BuildLiteBehavior [ RunTime:0.000015s ]
INFO: [ app_init ] --END-- [ RunTime:0.000829s ]
ERR: 无法加载模块:Public

[ 2016-12-06T10:26:01+08:00 ] 127.0.0.1 /thinkphp_3.2.3/Public/front/images/27.png
INFO: [ app_init ] --START--
INFO: Run Behavior\BuildLiteBehavior [ RunTime:0.000012s ]
INFO: [ app_init ] --END-- [ RunTime:0.000546s ]
ERR: 无法加载模块:Public

[ 2016-12-06T10:26:01+08:00 ] 127.0.0.1 /thinkphp_3.2.3/Public/front/images/28.png
INFO: [ app_init ] --START--
INFO: Run Behavior\BuildLiteBehavior [ RunTime:0.000013s ]
INFO: [ app_init ] --END-- [ RunTime:0.000466s ]
ERR: 无法加载模块:Public

[ 2016-12-06T14:18:45+08:00 ] 10.7.92.4 /thinkphp_3.2.3/Public/front/images/camera_skins.png
INFO: [ app_init ] --START--
INFO: Run Behavior\BuildLiteBehavior [ RunTime:0.000012s ]
INFO: [ app_init ] --END-- [ RunTime:0.000418s ]
ERR: 无法加载模块:Public

[ 2016-12-06T14:18:45+08:00 ] 10.7.92.4 /thinkphp_3.2.3/Public/front/images/camera-loader.gif
INFO: [ app_init ] --START--
INFO: Run Behavior\BuildLiteBehavior [ RunTime:0.000014s ]
INFO: [ app_init ] --END-- [ RunTime:0.000505s ]
ERR: 无法加载模块:Public

[ 2016-12-06T14:18:45+08:00 ] 10.7.92.4 /thinkphp_3.2.3/Public/front/images/26.png
INFO: [ app_init ] --START--
INFO: Run Behavior\BuildLiteBehavior [ RunTime:0.000013s ]
INFO: [ app_init ] --END-- [ RunTime:0.000409s ]
ERR: 无法加载模块:Public

[ 2016-12-06T14:18:45+08:00 ] 10.7.92.4 /thinkphp_3.2.3/Public/front/images/27.png
INFO: [ app_init ] --START--
INFO: Run Behavior\BuildLiteBehavior [ RunTime:0.000013s ]
INFO: [ app_init ] --END-- [ RunTime:0.000440s ]
ERR: 无法加载模块:Public

[ 2016-12-06T14:18:45+08:00 ] 10.7.92.4 /thinkphp_3.2.3/Public/front/images/28.png
INFO: [ app_init ] --START--
INFO: Run Behavior\BuildLiteBehavior [ RunTime:0.000014s ]
INFO: [ app_init ] --END-- [ RunTime:0.000537s ]
ERR: 无法加载模块:Public

[ 2016-12-06T14:18:46+08:00 ] 10.7.92.4 /thinkphp_3.2.3/Public/front/images/26.png
INFO: [ app_init ] --START--
INFO: Run Behavior\BuildLiteBehavior [ RunTime:0.000013s ]
INFO: [ app_init ] --END-- [ RunTime:0.000432s ]
ERR: 无法加载模块:Public

[ 2016-12-06T14:18:46+08:00 ] 10.7.92.4 /thinkphp_3.2.3/Public/front/images/27.png
INFO: [ app_init ] --START--
INFO: Run Behavior\BuildLiteBehavior [ RunTime:0.000013s ]
INFO: [ app_init ] --END-- [ RunTime:0.000578s ]
ERR: 无法加载模块:Public

[ 2016-12-06T14:18:46+08:00 ] 10.7.92.4 /thinkphp_3.2.3/Public/front/images/28.png
INFO: [ app_init ] --START--
INFO: Run Behavior\BuildLiteBehavior [ RunTime:0.000013s ]
INFO: [ app_init ] --END-- [ RunTime:0.000402s ]
ERR: 无法加载模块:Public

[ 2016-12-06T14:20:48+08:00 ] 10.7.92.4 /thinkphp_3.2.3/Public/front/images/26.png
INFO: [ app_init ] --START--
INFO: Run Behavior\BuildLiteBehavior [ RunTime:0.000014s ]
INFO: [ app_init ] --END-- [ RunTime:0.000422s ]
ERR: 无法加载模块:Public

[ 2016-12-06T14:20:48+08:00 ] 10.7.92.4 /thinkphp_3.2.3/Public/front/images/27.png
INFO: [ app_init ] --START--
INFO: Run Behavior\BuildLiteBehavior [ RunTime:0.000015s ]
INFO: [ app_init ] --END-- [ RunTime:0.000591s ]
ERR: 无法加载模块:Public

[ 2016-12-06T14:20:48+08:00 ] 10.7.92.4 /thinkphp_3.2.3/Public/front/images/28.png
INFO: [ app_init ] --START--
INFO: Run Behavior\BuildLiteBehavior [ RunTime:0.000013s ]
INFO: [ app_init ] --END-- [ RunTime:0.000495s ]
ERR: 无法加载模块:Public

[ 2016-12-06T16:28:57+08:00 ] 127.0.0.1 /thinkphp_3.2.3/images/headbg.jpg
INFO: [ app_init ] --START--
INFO: Run Behavior\BuildLiteBehavior [ RunTime:0.000026s ]
INFO: [ app_init ] --END-- [ RunTime:0.000564s ]
ERR: 无法加载模块:Images

[ 2016-12-06T16:28:58+08:00 ] 127.0.0.1 /thinkphp_3.2.3/images/headbg.jpg
INFO: [ app_init ] --START--
INFO: Run Behavior\BuildLiteBehavior [ RunTime:0.000018s ]
INFO: [ app_init ] --END-- [ RunTime:0.000734s ]
ERR: 无法加载模块:Images

[ 2016-12-06T16:28:59+08:00 ] 127.0.0.1 /thinkphp_3.2.3/images/headbg.jpg
INFO: [ app_init ] --START--
INFO: Run Behavior\BuildLiteBehavior [ RunTime:0.000014s ]
INFO: [ app_init ] --END-- [ RunTime:0.000520s ]
ERR: 无法加载模块:Images

[ 2016-12-06T16:28:59+08:00 ] 127.0.0.1 /thinkphp_3.2.3/images/headbg.jpg
INFO: [ app_init ] --START--
INFO: Run Behavior\BuildLiteBehavior [ RunTime:0.000015s ]
INFO: [ app_init ] --END-- [ RunTime:0.000431s ]
ERR: 无法加载模块:Images

[ 2016-12-06T16:28:59+08:00 ] 127.0.0.1 /thinkphp_3.2.3/images/headbg.jpg
INFO: [ app_init ] --START--
INFO: Run Behavior\BuildLiteBehavior [ RunTime:0.000026s ]
INFO: [ app_init ] --END-- [ RunTime:0.000583s ]
ERR: 无法加载模块:Images

[ 2016-12-06T16:28:59+08:00 ] 127.0.0.1 /thinkphp_3.2.3/images/headbg.jpg
INFO: [ app_init ] --START--
INFO: Run Behavior\BuildLiteBehavior [ RunTime:0.000015s ]
INFO: [ app_init ] --END-- [ RunTime:0.000689s ]
ERR: 无法加载模块:Images

